<?xml version="1.0" encoding="UTF-8"?>
<!-- Generated by org.testng.reporters.JUnitReportReporter -->
<testsuite hostname="LAPTOP-OP263GS6" failures="0" tests="2" name="tests.putanddelete" time="3.323" errors="0" timestamp="2022-06-09T02:08:47 IST" skipped="0">
  <testcase classname="tests.putanddelete" name="deletetest" time="2.849"/>
  <system-out/>
  <testcase classname="tests.putanddelete" name="testput" time="0.474"/>
  <system-out/>
</testsuite> <!-- tests.putanddelete -->
