<?xml version="1.0" encoding="UTF-8"?>
<!-- Generated by org.testng.reporters.JUnitReportReporter -->
<testsuite hostname="LAPTOP-OP263GS6" failures="0" tests="2" name="tests.getandpost" time="3.741" errors="0" timestamp="2022-06-09T02:08:32 IST" skipped="0">
  <testcase classname="tests.getandpost" name="testpost" time="0.988"/>
  <system-out/>
  <testcase classname="tests.getandpost" name="testget" time="2.753"/>
  <system-out/>
</testsuite> <!-- tests.getandpost -->
