<?xml version="1.0" encoding="UTF-8"?>
<!-- Generated by org.testng.reporters.JUnitReportReporter -->
<testsuite hostname="LAPTOP-OP263GS6" failures="0" tests="2" name="tests.Test1" time="4.580" errors="0" timestamp="2022-05-27T22:42:16 IST" skipped="0">
  <testcase classname="tests.Test1" name="test2" time="4.212"/>
  <system-out/>
  <testcase classname="tests.Test1" name="test_1" time="0.368"/>
  <system-out/>
</testsuite> <!-- tests.Test1 -->
